<?xml version="1.0" encoding="utf-8" standalone="no"?>
<test-results xmlns:xsi="http://www.w3.org/2001/XMLSchema-instance" xsi:noNamespaceSchemaLocation="nunit_schema_2.5.xsd" name="Pester" total="2" errors="0" failures="0" not-run="0" inconclusive="0" ignored="0" skipped="0" invalid="0" date="2025-10-15" time="14:09:20">
  <environment clr-version="9.0.8" os-version="10.0.22631" nunit-version="2.5.8.0" platform="Microsoft Windows 11 Enterprise|C:\WINDOWS|\Device\Harddisk0\Partition3" machine-name="USAUSLT-Z7DLW6G" user="svelderr" cwd="C:\codex\home\runner\work\compare-vi-cli-action" user-domain="NI" />
  <culture-info current-culture="en-US" current-uiculture="en-US" />
  <test-suite type="TestFixture" name="Pester" executed="True" result="Success" success="True" time="41.9757" asserts="0" description="Pester">
    <results>
      <test-suite type="TestFixture" name="C:\codex\home\runner\work\compare-vi-cli-action\tests\Run-AutonomousIntegrationLoop.Tests.ps1" executed="True" result="Success" success="True" time="41.9757" asserts="0" description="C:\codex\home\runner\work\compare-vi-cli-action\tests\Run-AutonomousIntegrationLoop.Tests.ps1">
        <results>
          <test-suite type="TestFixture" name="Run-AutonomousIntegrationLoop FinalStatusJsonPath emission" executed="True" result="Success" success="True" time="9.413" asserts="0" description="Run-AutonomousIntegrationLoop FinalStatusJsonPath emission">
            <results>
              <test-case description="emits final status JSON with expected shape in simulate mode" name="Run-AutonomousIntegrationLoop FinalStatusJsonPath emission.emits final status JSON with expected shape in simulate mode" time="9.2604" asserts="0" success="True" result="Success" executed="True" />
            </results>
          </test-suite>
          <test-suite type="TestFixture" name="Run-AutonomousIntegrationLoop DiffExitCode behavior" executed="True" result="Success" success="True" time="41.3925" asserts="0" description="Run-AutonomousIntegrationLoop DiffExitCode behavior">
            <results>
              <test-case description="returns custom diff exit code when diffs detected and no errors" name="Run-AutonomousIntegrationLoop DiffExitCode behavior.returns custom diff exit code when diffs detected and no errors" time="31.9059" asserts="0" success="True" result="Success" executed="True" />
            </results>
          </test-suite>
        </results>
      </test-suite>
    </results>
  </test-suite>
</test-results>