<?xml version="1.0" encoding="utf-8" standalone="no"?>
<test-results xmlns:xsi="http://www.w3.org/2001/XMLSchema-instance" xsi:noNamespaceSchemaLocation="nunit_schema_2.5.xsd" name="Pester" total="7" errors="0" failures="1" not-run="9" inconclusive="0" ignored="0" skipped="0" invalid="0" date="2025-09-30" time="10:48:20">
  <environment cwd="C:\labview-community-ci-cd\compare-vi-cli-action" machine-name="USAUSLT-Z7DLW6G" nunit-version="2.5.8.0" user="svelderr" platform="Microsoft Windows 11 Enterprise|C:\WINDOWS|\Device\Harddisk0\Partition3" clr-version="9.0.8" os-version="10.0.22631" user-domain="NI" />
  <culture-info current-culture="en-US" current-uiculture="en-US" />
  <test-suite type="TestFixture" name="Pester" executed="True" result="Failure" success="False" time="1.5315" asserts="0" description="Pester">
    <results>
      <test-suite type="TestFixture" name="C:\labview-community-ci-cd\compare-vi-cli-action\tests\CompareVI.InputOutput.Tests.ps1" executed="True" result="Failure" success="False" time="1.5106" asserts="0" description="C:\labview-community-ci-cd\compare-vi-cli-action\tests\CompareVI.InputOutput.Tests.ps1">
        <results>
          <test-suite type="TestFixture" name="Invoke-CompareVI input and output validation (no CLI)" executed="True" result="Failure" success="False" time="0.9577" asserts="0" description="Invoke-CompareVI input and output validation (no CLI)">
            <results>
              <test-case description="validates required inputs and file existence" name="Invoke-CompareVI input and output validation (no CLI).validates required inputs and file existence" time="0.3347" asserts="0" success="True" result="Success" executed="True" />
              <test-case description="resolves relative paths from working-directory" name="Invoke-CompareVI input and output validation (no CLI).resolves relative paths from working-directory" time="0.1705" asserts="0" success="True" result="Success" executed="True" />
              <test-case description="parses quoted lvCompareArgs and includes them in the reconstructed command" name="Invoke-CompareVI input and output validation (no CLI).parses quoted lvCompareArgs and includes them in the reconstructed command" time="0.1484" asserts="0" success="False" result="Failure" executed="True">
                <failure>
                  <message>PropertyNotFoundException: The property 'Count' cannot be found on this object. Verify that the property exists.</message>
                  <stack-trace>at &lt;ScriptBlock&gt;, C:\labview-community-ci-cd\compare-vi-cli-action\tests\CompareVI.InputOutput.Tests.ps1:50</stack-trace>
                </failure>
              </test-case>
              <test-case description="writes outputs and summary for exit code 0 (diff=false)" name="Invoke-CompareVI input and output validation (no CLI).writes outputs and summary for exit code 0 (diff=false)" time="0.074" asserts="0" success="True" result="Success" executed="True" />
              <test-case description="writes outputs then throws for unknown exit code (diff=false)" name="Invoke-CompareVI input and output validation (no CLI).writes outputs then throws for unknown exit code (diff=false)" time="0.0621" asserts="0" success="True" result="Success" executed="True" />
              <test-case description="throws when fail-on-diff is true with exit code 1, but writes outputs" name="Invoke-CompareVI input and output validation (no CLI).throws when fail-on-diff is true with exit code 1, but writes outputs" time="0.0673" asserts="0" success="True" result="Success" executed="True" />
              <test-case description="uses mocked Resolve-Cli value in result" name="Invoke-CompareVI input and output validation (no CLI).uses mocked Resolve-Cli value in result" time="0.0472" asserts="0" success="True" result="Success" executed="True" />
            </results>
          </test-suite>
        </results>
      </test-suite>
    </results>
  </test-suite>
</test-results>